This is pdfTeX, Version 3.14159265-2.6-1.40.20 (TeX Live 2019/W32TeX) (preloaded format=pdflatex 2019.11.13)  24 NOV 2019 13:32
entering extended mode
 restricted \write18 enabled.
 %&-line parsing enabled.
**notes.tex
(./notes.tex
LaTeX2e <2019-10-01> patch level 3
(c:/texlive/2019/texmf-dist/tex/latex/base/report.cls
Document Class: report 2019/10/25 v1.4k Standard LaTeX document class
(c:/texlive/2019/texmf-dist/tex/latex/base/size10.clo
File: size10.clo 2019/10/25 v1.4k Standard LaTeX file (size option)
)
\c@part=\count80
\c@chapter=\count81
\c@section=\count82
\c@subsection=\count83
\c@subsubsection=\count84
\c@paragraph=\count85
\c@subparagraph=\count86
\c@figure=\count87
\c@table=\count88
\abovecaptionskip=\skip41
\belowcaptionskip=\skip42
\bibindent=\dimen102
) (./notes.aux)
\openout1 = `notes.aux'.

LaTeX Font Info:    Checking defaults for OML/cmm/m/it on input line 2.
LaTeX Font Info:    ... okay on input line 2.
LaTeX Font Info:    Checking defaults for T1/cmr/m/n on input line 2.
LaTeX Font Info:    ... okay on input line 2.
LaTeX Font Info:    Checking defaults for OT1/cmr/m/n on input line 2.
LaTeX Font Info:    ... okay on input line 2.
LaTeX Font Info:    Checking defaults for OMS/cmsy/m/n on input line 2.
LaTeX Font Info:    ... okay on input line 2.
LaTeX Font Info:    Checking defaults for OMX/cmex/m/n on input line 2.
LaTeX Font Info:    ... okay on input line 2.
LaTeX Font Info:    Checking defaults for U/cmr/m/n on input line 2.
LaTeX Font Info:    ... okay on input line 2.
LaTeX Font Info:    Trying to load font information for OMS+cmr on input line 6
.

(c:/texlive/2019/texmf-dist/tex/latex/base/omscmr.fd
File: omscmr.fd 2014/09/29 v2.5h Standard LaTeX font definitions
)
LaTeX Font Info:    Font shape `OMS/cmr/m/n' in size <10> not available
(Font)              Font shape `OMS/cmsy/m/n' tried instead on input line 6.
LaTeX Font Info:    External font `cmex10' loaded for size
(Font)              <7> on input line 6.
LaTeX Font Info:    External font `cmex10' loaded for size
(Font)              <5> on input line 6.

Underfull \hbox (badness 10000) in paragraph at lines 14--15

 []


Underfull \hbox (badness 10000) in paragraph at lines 14--15

 []


Underfull \hbox (badness 10000) in paragraph at lines 20--20

 []


Underfull \hbox (badness 1221) in paragraph at lines 20--20
\OT1/cmr/m/n/10 If we dope it with a group 13 el-e-ment, we're
 []


Underfull \hbox (badness 2478) in paragraph at lines 20--20
\OT1/cmr/m/n/10 This is a P-type semi-con-duc-tor with equa-tion
 []


Underfull \hbox (badness 10000) in paragraph at lines 20--20

 []


Underfull \hbox (badness 10000) in paragraph at lines 20--20

 []


Underfull \hbox (badness 10000) in paragraph at lines 20--20

 []

[1

{c:/texlive/2019/texmf-var/fonts/map/pdftex/updmap/pdftex.map}]
Chapter 1.

Underfull \hbox (badness 1237) in paragraph at lines 25--25
[]\OT1/cmr/m/n/10 Via trigono-met-ric ma-nip-u-la-tion (fig-ure 1), by
 []

[2


]
Chapter 2.

Underfull \hbox (badness 1783) in paragraph at lines 29--29
[]\OT1/cmr/bx/n/14.4 The Laws of Ther-mo-dy-
 []


Underfull \hbox (badness 10000) in paragraph at lines 31--31

 []


Underfull \hbox (badness 10000) in paragraph at lines 58--60

 []


Underfull \hbox (badness 2050) in paragraph at lines 58--60
\OT1/cmr/m/n/10 par-ti-cles have equally dis-tributed en-er-gies, and
 []

[3

]
Underfull \hbox (badness 10000) in paragraph at lines 61--61
\OT1/cmr/m/n/10 la-tional/kinetic, ro-ta-tional/angular, vi-bra-tional,
 []


Underfull \hbox (badness 10000) in paragraph at lines 61--61

 []


Underfull \hbox (badness 10000) in paragraph at lines 61--62

 []


Overfull \hbox (11.16707pt too wide) in paragraph at lines 65--72
 [] 
 []


Underfull \hbox (badness 10000) in paragraph at lines 73--75

 []


Underfull \hbox (badness 1502) in paragraph at lines 73--75
\OT1/cmr/m/n/10 We po-si-tion the solid phase at the bot-tom of
 []


Underfull \hbox (badness 10000) in paragraph at lines 73--75

 []


Underfull \hbox (badness 1147) in paragraph at lines 73--75
\OT1/cmr/m/n/10 We know that for low Gibbs en-er-gies and low
 []


Underfull \hbox (badness 1466) in paragraph at lines 73--75
\OT1/cmr/m/n/10 tem-per-a-tures, we get a re-gion that be-longs to
 []


Underfull \hbox (badness 10000) in paragraph at lines 73--75

 []


Underfull \hbox (badness 2662) in paragraph at lines 73--75
\OT1/cmr/m/n/10 However at low (vapour) pres-sures, the in-ter-
 []


Underfull \hbox (badness 10000) in paragraph at lines 73--75

 []


Overfull \hbox (44.66109pt too wide) detected at line 79
\OT1/cmr/m/n/10 ^^A\OML/cmm/m/it/10 H[] \OT1/cmr/m/n/10 = 16^^A\OML/cmm/m/it/10
 H[]\OT1/cmr/m/n/10 (\OML/cmm/m/it/10 H[]O\OT1/cmr/m/n/10 ) + 8^^A\OML/cmm/m/it
/10 H[]O[] \OMS/cmsy/m/n/10 ^^@ \OT1/cmr/m/n/10 (2^^A\OML/cmm/m/it/10 H[]C\OT1/
cmr/m/n/10 8\OML/cmm/m/it/10 H[] \OT1/cmr/m/n/10 + 25^^A\OML/cmm/m/it/10 H[]O[]
\OT1/cmr/m/n/10 )
 []

[4] (./notes.aux) ) 
Here is how much of TeX's memory you used:
 266 strings out of 492164
 2913 string characters out of 6129087
 69170 words of memory out of 5000000
 4710 multiletter control sequences out of 15000+600000
 6417 words of font info for 23 fonts, out of 8000000 for 9000
 1141 hyphenation exceptions out of 8191
 25i,7n,21p,996b,147s stack positions out of 5000i,500n,10000p,200000b,80000s
<c:/texlive/2019/texmf-dist/fonts/type1/public/amsfonts/cm/c
mbx10.pfb><c:/texlive/2019/texmf-dist/fonts/type1/public/amsfonts/cm/cmbx12.pfb
><c:/texlive/2019/texmf-dist/fonts/type1/public/amsfonts/cm/cmmi10.pfb><c:/texl
ive/2019/texmf-dist/fonts/type1/public/amsfonts/cm/cmmi5.pfb><c:/texlive/2019/t
exmf-dist/fonts/type1/public/amsfonts/cm/cmmi7.pfb><c:/texlive/2019/texmf-dist/
fonts/type1/public/amsfonts/cm/cmr10.pfb><c:/texlive/2019/texmf-dist/fonts/type
1/public/amsfonts/cm/cmr5.pfb><c:/texlive/2019/texmf-dist/fonts/type1/public/am
sfonts/cm/cmr7.pfb><c:/texlive/2019/texmf-dist/fonts/type1/public/amsfonts/cm/c
msy10.pfb><c:/texlive/2019/texmf-dist/fonts/type1/public/amsfonts/cm/cmsy7.pfb>
<c:/texlive/2019/texmf-dist/fonts/type1/public/amsfonts/cm/cmti10.pfb>
Output written on notes.pdf (4 pages, 133691 bytes).
PDF statistics:
 61 PDF objects out of 1000 (max. 8388607)
 43 compressed objects within 1 object stream
 0 named destinations out of 1000 (max. 500000)
 1 words of extra memory for PDF output out of 10000 (max. 10000000)

